<?xml version="1.0" encoding="UTF-8"?>
<!-- Generated by org.testng.reporters.JUnitXMLReporter -->
<testsuite ignored="0" hostname="DESKTOP-T8VIPQV" failures="0" tests="6" name="Test" time="43.132" errors="0" timestamp="2026-02-18T09:47:23 EST">
  <testcase classname="MavenPracticeProject.MavenProject.DragAndDropTest" name="testContextMenu" time="1.354"/>
  <testcase classname="MavenPracticeProject.MavenProject.FirstcheckboxTest" name="testFirstCheckbox" time="1.514"/>
  <testcase classname="MavenPracticeProject.MavenProject.AddButtonTest" name="testAddbutton" time="0.634"/>
  <testcase classname="MavenPracticeProject.MavenProject.AddButtonTest" name="testDeleteButton" time="0.67"/>
  <testcase classname="MavenPracticeProject.MavenProject.SecondCheckBoxTest" name="testSecondTestBox" time="0.632"/>
  <testcase classname="MavenPracticeProject.MavenProject.ContextMenuPageTest" name="testContextMenu" time="0.811"/>
</testsuite> <!-- Test -->
