<?xml version="1.0" encoding="UTF-8"?>
<!-- Generated by org.testng.reporters.JUnitXMLReporter -->
<testsuite ignored="12" hostname="DESKTOP-T8VIPQV" failures="0" tests="1" name="Test" time="0.211" errors="0" timestamp="2026-02-21T12:12:06 EST">
  <testcase classname="MavenPracticeProject.MavenProject.GeoLocationTest" name="testGeolocation" time="0.098">
    <skipped/>
  </testcase> <!-- testGeolocation -->
  <testcase classname="MavenPracticeProject.MavenProject.EntryAddTest" name="testEntryAdd" time="0.0">
    <ignored/>
  </testcase> <!-- testEntryAdd -->
  <testcase classname="MavenPracticeProject.MavenProject.AddButtonTest" name="testAddbutton" time="0.0">
    <ignored/>
  </testcase> <!-- testAddbutton -->
  <testcase classname="MavenPracticeProject.MavenProject.IncorrectPasswordTest" name="testAuthentication" time="0.0">
    <ignored/>
  </testcase> <!-- testAuthentication -->
  <testcase classname="MavenPracticeProject.MavenProject.FirstcheckboxTest" name="testFirstCheckbox" time="0.0">
    <ignored/>
  </testcase> <!-- testFirstCheckbox -->
  <testcase classname="MavenPracticeProject.MavenProject.ExitIntentTest" name="testExitIntent" time="0.0">
    <ignored/>
  </testcase> <!-- testExitIntent -->
  <testcase classname="MavenPracticeProject.MavenProject.AddButtonTest" name="testDeleteButton" time="0.0">
    <ignored/>
  </testcase> <!-- testDeleteButton -->
  <testcase classname="MavenPracticeProject.MavenProject.DropDownTest" name="testDropdown" time="0.0">
    <ignored/>
  </testcase> <!-- testDropdown -->
  <testcase classname="MavenPracticeProject.MavenProject.FormAuthenticationTest" name="testAuthentication" time="0.0">
    <ignored/>
  </testcase> <!-- testAuthentication -->
  <testcase classname="MavenPracticeProject.MavenProject.ContextMenuPageTest" name="testContextMenu" time="0.0">
    <ignored/>
  </testcase> <!-- testContextMenu -->
  <testcase classname="MavenPracticeProject.MavenProject.DragAndDropTest" name="testContextMenu" time="0.0">
    <ignored/>
  </testcase> <!-- testContextMenu -->
  <testcase classname="MavenPracticeProject.MavenProject.SecondCheckBoxTest" name="testSecondTestBox" time="0.0">
    <ignored/>
  </testcase> <!-- testSecondTestBox -->
  <testcase classname="MavenPracticeProject.MavenProject.FileUploadTest" name="testFileUpload" time="0.0">
    <ignored/>
  </testcase> <!-- testFileUpload -->
</testsuite> <!-- Test -->
