<?xml version="1.0" encoding="UTF-8"?>
<!-- Generated by org.testng.reporters.JUnitReportReporter -->
<testsuite hostname="DESKTOP-T8VIPQV" failures="0" tests="1" name="MavenPracticeProject.MavenProject.LinkCountTest" time="6.967" errors="0" timestamp="2026-02-16T11:58:37 EST" skipped="0">
  <testcase classname="MavenPracticeProject.MavenProject.LinkCountTest" name="testAddbutton" time="6.967"/>
  <system-out>
    <![CDATA[the test is passed]]>
  </system-out>
</testsuite> <!-- MavenPracticeProject.MavenProject.LinkCountTest -->
