<?xml version="1.0" encoding="UTF-8"?>
<!-- Generated by org.testng.reporters.JUnitReportReporter -->
<testsuite hostname="DESKTOP-T8VIPQV" failures="0" tests="1" name="MavenPracticeProject.MavenProject.DragAndDropTest" time="3.778" errors="0" timestamp="2026-03-04T13:59:28 EST" skipped="0">
  <testcase classname="MavenPracticeProject.MavenProject.DragAndDropTest" name="testContextMenu" time="3.778"/>
  <system-out>
    <![CDATA[the test is passed]]>
  </system-out>
</testsuite> <!-- MavenPracticeProject.MavenProject.DragAndDropTest -->
