<?xml version="1.0" encoding="UTF-8"?>
<!-- Generated by org.testng.reporters.JUnitReportReporter -->
<testsuite hostname="DESKTOP-T8VIPQV" failures="0" tests="1" name="MavenPracticeProject.MavenProject.horizontalSliderTest" time="6.347" errors="0" timestamp="2026-02-22T08:10:31 EST" skipped="0">
  <testcase classname="MavenPracticeProject.MavenProject.horizontalSliderTest" name="testHorizontalSliderTest" time="6.347"/>
  <system-out>
    <![CDATA[the test is passed]]>
  </system-out>
</testsuite> <!-- MavenPracticeProject.MavenProject.horizontalSliderTest -->
