<?xml version="1.0" encoding="UTF-8"?>
<!-- Generated by org.testng.reporters.JUnitReportReporter -->
<testsuite hostname="DESKTOP-T8VIPQV" failures="0" tests="1" name="MavenPracticeProject.MavenProject.DropDownTest" time="5.843" errors="0" timestamp="2026-02-18T12:25:17 EST" skipped="0">
  <testcase classname="MavenPracticeProject.MavenProject.DropDownTest" name="testDropdown" time="5.843"/>
  <system-out>
    <![CDATA[the test is passed]]>
  </system-out>
</testsuite> <!-- MavenPracticeProject.MavenProject.DropDownTest -->
