<?xml version="1.0" encoding="UTF-8"?>
<!-- Generated by org.testng.reporters.JUnitReportReporter -->
<testsuite hostname="DESKTOP-T8VIPQV" failures="0" tests="1" name="MavenPracticeProject.MavenProject.IncorrectPasswordTest" time="9.121" errors="0" timestamp="2026-02-21T11:24:47 EST" skipped="0">
  <testcase classname="MavenPracticeProject.MavenProject.IncorrectPasswordTest" name="testAuthentication" time="9.121"/>
  <system-out>
    <![CDATA[the test is passed]]>
  </system-out>
</testsuite> <!-- MavenPracticeProject.MavenProject.IncorrectPasswordTest -->
