<?xml version="1.0" encoding="UTF-8"?>
<!-- Generated by org.testng.reporters.JUnitReportReporter -->
<testsuite hostname="DESKTOP-T8VIPQV" failures="0" tests="2" name="MavenPracticeProject.MavenProject.AddButtonTest" time="9.637" errors="0" timestamp="2026-02-18T09:47:23 EST" skipped="0">
  <testcase classname="MavenPracticeProject.MavenProject.AddButtonTest" name="testAddbutton" time="4.483"/>
  <system-out>
    <![CDATA[the test is passed]]>
  </system-out>
  <testcase classname="MavenPracticeProject.MavenProject.AddButtonTest" name="testDeleteButton" time="5.154"/>
  <system-out>
    <![CDATA[the test is passed]]>
  </system-out>
</testsuite> <!-- MavenPracticeProject.MavenProject.AddButtonTest -->
