<?xml version="1.0" encoding="UTF-8"?>
<!-- Generated by org.testng.reporters.JUnitReportReporter -->
<testsuite hostname="DESKTOP-T8VIPQV" failures="0" tests="1" name="MavenPracticeProject.MavenProject.ContextMenuPageTest" time="4.605" errors="0" timestamp="2026-02-18T12:25:17 EST" skipped="0">
  <testcase classname="MavenPracticeProject.MavenProject.ContextMenuPageTest" name="testContextMenu" time="4.605"/>
  <system-out>
    <![CDATA[the test is passed]]>
  </system-out>
</testsuite> <!-- MavenPracticeProject.MavenProject.ContextMenuPageTest -->
