<?xml version="1.0" encoding="UTF-8"?>
<!-- Generated by org.testng.reporters.JUnitReportReporter -->
<testsuite hostname="DESKTOP-T8VIPQV" failures="0" tests="1" name="MavenPracticeProject.MavenProject.GeoLocationTest" time="7.432" errors="0" timestamp="2026-02-21T12:09:42 EST" skipped="0">
  <testcase classname="MavenPracticeProject.MavenProject.GeoLocationTest" name="testGeolocation" time="7.432"/>
  <system-out>
    <![CDATA[the test is passed]]>
  </system-out>
</testsuite> <!-- MavenPracticeProject.MavenProject.GeoLocationTest -->
