<?xml version="1.0" encoding="UTF-8"?>
<!-- Generated by org.testng.reporters.JUnitReportReporter -->
<testsuite hostname="DESKTOP-T8VIPQV" failures="0" tests="1" name="MavenPracticeProject.MavenProject.FileUploadTest" time="7.331" errors="0" timestamp="2026-02-21T09:34:18 EST" skipped="0">
  <testcase classname="MavenPracticeProject.MavenProject.FileUploadTest" name="testFileUpload" time="7.331"/>
  <system-out>
    <![CDATA[the test is passed]]>
  </system-out>
</testsuite> <!-- MavenPracticeProject.MavenProject.FileUploadTest -->
