<?xml version="1.0" encoding="UTF-8"?>
<!-- Generated by org.testng.reporters.JUnitReportReporter -->
<testsuite hostname="DESKTOP-T8VIPQV" failures="0" tests="1" name="MavenPracticeProject.MavenProject.DragAndDropTest" time="11.437" errors="0" timestamp="2026-02-18T09:47:23 EST" skipped="0">
  <testcase classname="MavenPracticeProject.MavenProject.DragAndDropTest" name="testContextMenu" time="11.437"/>
  <system-out>
    <![CDATA[the test is passed]]>
  </system-out>
</testsuite> <!-- MavenPracticeProject.MavenProject.DragAndDropTest -->
