<?xml version="1.0" encoding="UTF-8"?>
<!-- Generated by org.testng.reporters.JUnitReportReporter -->
<testsuite hostname="DESKTOP-T8VIPQV" failures="0" tests="1" name="MavenPracticeProject.MavenProject.FormAuthenticationTest" time="12.571" errors="0" timestamp="2026-02-21T10:58:50 EST" skipped="0">
  <testcase classname="MavenPracticeProject.MavenProject.FormAuthenticationTest" name="testAuthentication" time="12.571"/>
  <system-out>
    <![CDATA[the test is passed]]>
  </system-out>
</testsuite> <!-- MavenPracticeProject.MavenProject.FormAuthenticationTest -->
