<?xml version="1.0" encoding="UTF-8"?>
<!-- Generated by org.testng.reporters.JUnitReportReporter -->
<testsuite hostname="DESKTOP-T8VIPQV" failures="0" tests="1" name="MavenPracticeProject.MavenProject.FirstcheckboxTest" time="9.939" errors="0" timestamp="2026-02-18T09:47:23 EST" skipped="0">
  <testcase classname="MavenPracticeProject.MavenProject.FirstcheckboxTest" name="testFirstCheckbox" time="9.939"/>
  <system-out>
    <![CDATA[the test is passed]]>
  </system-out>
</testsuite> <!-- MavenPracticeProject.MavenProject.FirstcheckboxTest -->
