<?xml version="1.0" encoding="UTF-8"?>
<!-- Generated by org.testng.reporters.JUnitReportReporter -->
<testsuite hostname="DESKTOP-T8VIPQV" failures="0" tests="1" name="MavenPracticeProject.MavenProject.ExitIntentTest" time="68.561" errors="0" timestamp="2026-02-21T08:25:47 EST" skipped="0">
  <testcase classname="MavenPracticeProject.MavenProject.ExitIntentTest" name="testExitIntent" time="68.561"/>
  <system-out>
    <![CDATA[the test is passed]]>
  </system-out>
</testsuite> <!-- MavenPracticeProject.MavenProject.ExitIntentTest -->
