<?xml version="1.0" encoding="UTF-8"?>
<!-- Generated by org.testng.reporters.JUnitReportReporter -->
<testsuite hostname="DESKTOP-T8VIPQV" failures="0" tests="1" name="MavenPracticeProject.MavenProject.ExitIntentTest" time="7.024" errors="0" timestamp="2026-02-20T10:20:58 EST" skipped="0">
  <testcase classname="MavenPracticeProject.MavenProject.ExitIntentTest" name="testExitIntent" time="7.024"/>
  <system-out>
    <![CDATA[the test is passed]]>
  </system-out>
</testsuite> <!-- MavenPracticeProject.MavenProject.ExitIntentTest -->
